<?xml version="1.0" encoding="UTF-8"?>
<!-- Generated by org.testng.reporters.JUnitXMLReporter -->
<testsuite ignored="4" hostname="LAPTOP-P3KJUH14" failures="0" tests="3" name="Test" time="25.528" errors="0" timestamp="2026-06-05T08:29:49 IST">
  <testcase classname="test.LoginTest" name="login" time="1.152"/>
  <testcase classname="test.ShoppingCartTest" name="cart" time="3.814"/>
  <testcase classname="test.ShippingDetailsTest" name="details" time="1.499"/>
  <testcase classname="base.Base" name="@BeforeTest setUp" time="0.0">
    <ignored/>
  </testcase> <!-- @BeforeTest setUp -->
  <testcase classname="base.Base" name="@BeforeTest setUp" time="0.0">
    <ignored/>
  </testcase> <!-- @BeforeTest setUp -->
  <testcase classname="base.Base" name="@AfterTest tearDown" time="0.0">
    <ignored/>
  </testcase> <!-- @AfterTest tearDown -->
  <testcase classname="base.Base" name="@AfterTest tearDown" time="0.0">
    <ignored/>
  </testcase> <!-- @AfterTest tearDown -->
</testsuite> <!-- Test -->
