<?xml version="1.0" encoding="UTF-8"?>
<testng-results ignored="0" total="3" passed="3" failed="0" skipped="0">
  <reporter-output>
  </reporter-output>
  <suite started-at="2026-06-05T08:29:23 IST" name="Suite" finished-at="2026-06-05T08:29:49 IST" duration-ms="25528">
    <groups>
    </groups>
    <test started-at="2026-06-05T08:29:23 IST" name="Test" finished-at="2026-06-05T08:29:49 IST" duration-ms="25528">
      <class name="test.ShippingDetailsTest">
        <test-method is-config="true" signature="initPages()[pri:0, instance:test.ShippingDetailsTest@4b741d6d]" started-at="2026-06-05T08:29:46 IST" name="initPages" finished-at="2026-06-05T08:29:46 IST" duration-ms="4" status="PASS">
          <reporter-output>
          </reporter-output>
        </test-method> <!-- initPages -->
        <test-method signature="details()[pri:0, instance:test.ShippingDetailsTest@4b741d6d]" started-at="2026-06-05T08:29:46 IST" name="details" finished-at="2026-06-05T08:29:47 IST" duration-ms="1499" status="PASS">
          <reporter-output>
          </reporter-output>
        </test-method> <!-- details -->
        <test-method is-config="true" signature="tearDownMethod(org.testng.ITestResult)[pri:0, instance:test.ShippingDetailsTest@4b741d6d]" started-at="2026-06-05T08:29:47 IST" name="tearDownMethod" finished-at="2026-06-05T08:29:47 IST" duration-ms="0" status="PASS">
          <params>
            <param index="0">
              <value>
                <![CDATA[[TestResult name=details status=SUCCESS method=ShippingDetailsTest.details()[pri:0, instance:test.ShippingDetailsTest@4b741d6d] output={null}]]]>
              </value>
            </param>
          </params>
          <reporter-output>
          </reporter-output>
        </test-method> <!-- tearDownMethod -->
      </class> <!-- test.ShippingDetailsTest -->
      <class name="test.LoginTest">
        <test-method is-config="true" signature="setUp()[pri:0, instance:test.LoginTest@449a4f23]" started-at="2026-06-05T08:29:23 IST" name="setUp" finished-at="2026-06-05T08:29:41 IST" duration-ms="17545" status="PASS">
          <reporter-output>
          </reporter-output>
        </test-method> <!-- setUp -->
        <test-method is-config="true" signature="initPages()[pri:0, instance:test.LoginTest@449a4f23]" started-at="2026-06-05T08:29:41 IST" name="initPages" finished-at="2026-06-05T08:29:41 IST" duration-ms="67" status="PASS">
          <reporter-output>
          </reporter-output>
        </test-method> <!-- initPages -->
        <test-method signature="login()[pri:0, instance:test.LoginTest@449a4f23]" started-at="2026-06-05T08:29:41 IST" name="login" finished-at="2026-06-05T08:29:42 IST" duration-ms="1152" status="PASS">
          <reporter-output>
          </reporter-output>
        </test-method> <!-- login -->
        <test-method is-config="true" signature="tearDownMethod(org.testng.ITestResult)[pri:0, instance:test.LoginTest@449a4f23]" started-at="2026-06-05T08:29:42 IST" name="tearDownMethod" finished-at="2026-06-05T08:29:42 IST" duration-ms="19" status="PASS">
          <params>
            <param index="0">
              <value>
                <![CDATA[[TestResult name=login status=SUCCESS method=LoginTest.login()[pri:0, instance:test.LoginTest@449a4f23] output={null}]]]>
              </value>
            </param>
          </params>
          <reporter-output>
          </reporter-output>
        </test-method> <!-- tearDownMethod -->
        <test-method is-config="true" signature="tearDown()[pri:0, instance:test.LoginTest@449a4f23]" started-at="2026-06-05T08:29:47 IST" name="tearDown" finished-at="2026-06-05T08:29:49 IST" duration-ms="1320" status="PASS">
          <reporter-output>
          </reporter-output>
        </test-method> <!-- tearDown -->
      </class> <!-- test.LoginTest -->
      <class name="test.ShoppingCartTest">
        <test-method is-config="true" signature="initPages()[pri:0, instance:test.ShoppingCartTest@15bb5034]" started-at="2026-06-05T08:29:42 IST" name="initPages" finished-at="2026-06-05T08:29:42 IST" duration-ms="5" status="PASS">
          <reporter-output>
          </reporter-output>
        </test-method> <!-- initPages -->
        <test-method signature="cart()[pri:0, instance:test.ShoppingCartTest@15bb5034]" started-at="2026-06-05T08:29:42 IST" name="cart" finished-at="2026-06-05T08:29:46 IST" duration-ms="3814" status="PASS">
          <reporter-output>
          </reporter-output>
        </test-method> <!-- cart -->
        <test-method is-config="true" signature="tearDownMethod(org.testng.ITestResult)[pri:0, instance:test.ShoppingCartTest@15bb5034]" started-at="2026-06-05T08:29:46 IST" name="tearDownMethod" finished-at="2026-06-05T08:29:46 IST" duration-ms="3" status="PASS">
          <params>
            <param index="0">
              <value>
                <![CDATA[[TestResult name=cart status=SUCCESS method=ShoppingCartTest.cart()[pri:0, instance:test.ShoppingCartTest@15bb5034] output={null}]]]>
              </value>
            </param>
          </params>
          <reporter-output>
          </reporter-output>
        </test-method> <!-- tearDownMethod -->
      </class> <!-- test.ShoppingCartTest -->
    </test> <!-- Test -->
  </suite> <!-- Suite -->
</testng-results>
